<?xml version="1.0" encoding="UTF-8"?>
<!-- Generated by org.testng.reporters.JUnitReportReporter -->
<testsuite skipped="0" hostname="LAPTOP-IPO29V91" name="org.web.automation.Testcases.TC_01_Login02_Logout_valid_credentails2" tests="2" failures="0" timestamp="2020-04-14T14:28:58 IST" time="40.084" errors="0">
  <testcase name="TC002" time="20.422" classname="org.web.automation.Testcases.TC_01_Login02_Logout_valid_credentails2"/>
  <system-out/>
  <testcase name="TC001" time="19.662" classname="org.web.automation.Testcases.TC_01_Login02_Logout_valid_credentails2"/>
  <system-out/>
</testsuite> <!-- org.web.automation.Testcases.TC_01_Login02_Logout_valid_credentails2 -->
