<?xml version="1.0" encoding="UTF-8"?>
<!-- Generated by org.testng.reporters.JUnitReportReporter -->
<testsuite skipped="0" hostname="LAPTOP-IPO29V91" name="org.web.automation.Testcases.TC_01_Login_Logout_valid_credentails" tests="2" failures="0" timestamp="2020-04-14T14:28:58 IST" time="39.365" errors="0">
  <testcase name="TC002" time="19.561" classname="org.web.automation.Testcases.TC_01_Login_Logout_valid_credentails"/>
  <system-out/>
  <testcase name="TC001" time="19.804" classname="org.web.automation.Testcases.TC_01_Login_Logout_valid_credentails"/>
  <system-out/>
</testsuite> <!-- org.web.automation.Testcases.TC_01_Login_Logout_valid_credentails -->
